[20:35:12] [main/INFO]: Environment: authHost='https://authserver.mojang.com', accountsHost='https://api.mojang.com', sessionHost='https://sessionserver.mojang.com', servicesHost='https://api.minecraftservices.com', name='PROD'
[20:35:13] [main/WARN]: Ambiguity between arguments [teleport, destination] and [teleport, targets] with inputs: [Player, 0123, @e, dd12be42-52a9-4a91-a8a1-11c01849e498]
[20:35:13] [main/WARN]: Ambiguity between arguments [teleport, location] and [teleport, destination] with inputs: [0.1 -0.5 .9, 0 0 0]
[20:35:13] [main/WARN]: Ambiguity between arguments [teleport, location] and [teleport, targets] with inputs: [0.1 -0.5 .9, 0 0 0]
[20:35:13] [main/WARN]: Ambiguity between arguments [teleport, targets] and [teleport, destination] with inputs: [Player, 0123, dd12be42-52a9-4a91-a8a1-11c01849e498]
[20:35:13] [main/WARN]: Ambiguity between arguments [teleport, targets, location] and [teleport, targets, destination] with inputs: [0.1 -0.5 .9, 0 0 0]
[20:35:13] [main/INFO]: Reloading ResourceManager: Default
[20:35:13] [Worker-Main-9/INFO]: Loaded 7 recipes
[20:35:14] [Worker-Main-9/INFO]: Loaded 927 advancements
[20:35:14] [Server thread/INFO]: Starting minecraft server version 1.16.5
[20:35:14] [Server thread/INFO]: Loading properties
[20:35:14] [Server thread/INFO]: Default game type: SURVIVAL
[20:35:14] [Server thread/INFO]: Generating keypair
[20:35:15] [Server thread/INFO]: Starting Minecraft server on *:25565
[20:35:15] [Server thread/INFO]: Using default channel type
[20:35:15] [Server thread/WARN]: **** SERVER IS RUNNING IN OFFLINE/INSECURE MODE!
[20:35:15] [Server thread/WARN]: The server will make no attempt to authenticate usernames. Beware.
[20:35:15] [Server thread/WARN]: While this makes the game possible to play without internet access, it also opens up the ability for hackers to connect with any username they choose.
[20:35:15] [Server thread/WARN]: To change this, set "online-mode" to "true" in the server.properties file.
[20:35:15] [Server thread/INFO]: Preparing level "world"
[20:35:15] [Server thread/INFO]: Preparing start region for dimension minecraft:overworld
[20:35:16] [Server thread/INFO]: Preparing spawn area: 0%
[20:35:16] [Server thread/INFO]: Preparing spawn area: 0%
[20:35:16] [Server thread/INFO]: Preparing spawn area: 0%
[20:35:17] [Server thread/INFO]: Preparing spawn area: 0%
[20:35:18] [Server thread/INFO]: Time elapsed: 3104 ms
[20:35:18] [Server thread/INFO]: Done (3.268s)! For help, type "help"
[20:35:19] [Server thread/INFO]: skende[/26.68.130.165:52129] logged in with entity id 101 at (-315.3682807095952, 66.0, 528.195421201857)
[20:35:19] [Server thread/INFO]: skende joined the game
[20:35:27] [Server thread/INFO]: hey[/127.0.0.1:54072] logged in with entity id 516 at (-304.59464212595833, 70.0, 506.7624999880792)
[20:35:27] [Server thread/INFO]: hey joined the game
[20:35:31] [Server thread/WARN]: Can't keep up! Is the server overloaded? Running 2017ms or 40 ticks behind
[20:35:33] [Server thread/INFO]: hey lost connection: Disconnected
[20:35:33] [Server thread/INFO]: hey left the game
[20:35:37] [Server thread/INFO]: nm694752[/26.47.66.184:60991] logged in with entity id 595 at (-262.1755107219371, 244.0, 530.4041307406897)
[20:35:37] [Server thread/INFO]: nm694752 joined the game
