[13:56:53] [main/WARN]: Ambiguity between arguments [teleport, destination] and [teleport, targets] with inputs: [Player, 0123, @e, dd12be42-52a9-4a91-a8a1-11c01849e498]
[13:56:53] [main/WARN]: Ambiguity between arguments [teleport, location] and [teleport, destination] with inputs: [0.1 -0.5 .9, 0 0 0]
[13:56:53] [main/WARN]: Ambiguity between arguments [teleport, location] and [teleport, targets] with inputs: [0.1 -0.5 .9, 0 0 0]
[13:56:53] [main/WARN]: Ambiguity between arguments [teleport, targets] and [teleport, destination] with inputs: [Player, 0123, dd12be42-52a9-4a91-a8a1-11c01849e498]
[13:56:53] [main/WARN]: Ambiguity between arguments [teleport, targets, location] and [teleport, targets, destination] with inputs: [0.1 -0.5 .9, 0 0 0]
[13:56:53] [main/INFO]: Reloading ResourceManager: Default
[13:56:54] [Worker-Main-8/INFO]: Loaded 7 recipes
[13:56:55] [Worker-Main-8/INFO]: Loaded 927 advancements
[13:56:55] [Server thread/INFO]: Starting minecraft server version 1.16.5
[13:56:55] [Server thread/INFO]: Loading properties
[13:56:55] [Server thread/INFO]: Default game type: SURVIVAL
[13:56:55] [Server thread/INFO]: Generating keypair
[13:56:56] [Server thread/INFO]: Starting Minecraft server on *:25565
[13:56:56] [Server thread/INFO]: Using default channel type
[13:56:56] [Server thread/WARN]: **** SERVER IS RUNNING IN OFFLINE/INSECURE MODE!
[13:56:56] [Server thread/WARN]: The server will make no attempt to authenticate usernames. Beware.
[13:56:56] [Server thread/WARN]: While this makes the game possible to play without internet access, it also opens up the ability for hackers to connect with any username they choose.
[13:56:56] [Server thread/WARN]: To change this, set "online-mode" to "true" in the server.properties file.
[13:56:56] [Server thread/INFO]: Preparing level "world"
[13:56:56] [Server thread/INFO]: Preparing start region for dimension minecraft:overworld
[13:56:58] [Server thread/INFO]: Preparing spawn area: 0%
[13:56:58] [Server thread/INFO]: Preparing spawn area: 0%
[13:56:58] [Server thread/INFO]: Preparing spawn area: 0%
[13:56:58] [Server thread/INFO]: Preparing spawn area: 0%
[13:56:58] [Server thread/INFO]: Preparing spawn area: 47%
[13:56:59] [Server thread/INFO]: Time elapsed: 2779 ms
[13:56:59] [Server thread/INFO]: Done (2.872s)! For help, type "help"
[13:57:11] [Server thread/INFO]: ServerLord[/127.0.0.1:53700] logged in with entity id 104 at (-755.4904501085864, 281.68544221334156, 147.01177516641116)
[13:57:12] [Server thread/INFO]: ServerLord joined the game
[13:59:06] [Server thread/INFO]: skandarajeev[/127.0.0.1:53745] logged in with entity id 482 at (-765.4875000119209, 236.0, 147.30000001192093)
[13:59:06] [Server thread/INFO]: skandarajeev joined the game
[14:00:08] [Server thread/INFO]: skandarajeev lost connection: Disconnected
[14:00:08] [Server thread/INFO]: skandarajeev left the game
[14:00:22] [Server thread/INFO]: skandarajeev[/127.0.0.1:53823] logged in with entity id 660 at (-762.8615304622028, 202.56253421615892, 56.39695071232785)
[14:00:22] [Server thread/INFO]: skandarajeev joined the game
[14:02:00] [Server thread/WARN]: skandarajeev moved too quickly! -0.4585870159407719,3.437037131311911,17.74329326040658
[14:07:45] [Server thread/INFO]: Heroebrien[/26.68.130.165:61483] logged in with entity id 2103 at (-347.5657401292061, 128.0, 214.98323181736853)
[14:07:45] [Server thread/INFO]: Heroebrien joined the game
[14:09:54] [Server thread/INFO]: Heroebrien lost connection: Disconnected
[14:09:54] [Server thread/INFO]: Heroebrien left the game
[14:10:06] [Server thread/INFO]: Heroebrien[/26.68.130.165:61522] logged in with entity id 2778 at (-57.45370766921726, 91.0, 198.42919164451243)
[14:10:06] [Server thread/INFO]: Heroebrien joined the game
[14:10:13] [Server thread/INFO]: <Heroebrien> sad 69 noises
[14:10:49] [Server thread/INFO]: nm694752[/26.47.66.184:65000] logged in with entity id 2924 at (-664.468586887063, 128.0, -305.39580251809343)
[14:10:49] [Server thread/INFO]: nm694752 joined the game
[14:11:28] [Server thread/INFO]: nm694752 lost connection: Disconnected
[14:11:28] [Server thread/INFO]: nm694752 left the game
[14:11:38] [Server thread/INFO]: nm694752[/26.47.66.184:65443] logged in with entity id 3148 at (-655.3256713772324, 128.53846426803403, -312.62467638162303)
[14:11:38] [Server thread/INFO]: nm694752 joined the game
[14:11:51] [Server thread/INFO]: <nm694752> me and skende both got pc unexpectedly
[14:11:57] [Server thread/INFO]: <Heroebrien> skem
[14:12:28] [Server thread/WARN]: nm694752 moved too quickly! 17.16961738583325,-2.740373627246811,-0.14366088502453067
[14:13:00] [Server thread/WARN]: nm694752 moved too quickly! -8.673958560906186,0.0,5.268477878692693
[14:13:31] [Server thread/INFO]: <skandarajeev> HE ASKED AREN, SAD SKANDA NOISES
[14:13:35] [Server thread/INFO]: <Heroebrien> -_-
[14:13:42] [Server thread/INFO]: <Heroebrien> the only one who talks to me
[14:13:44] [Server thread/INFO]: <Heroebrien> UwU
[14:14:02] [Server thread/WARN]: Heroebrien moved too quickly! -3.121593091082289,-0.5800000131130219,-9.711280975017218
[14:15:46] [Server thread/INFO]: Scanning for legacy world dragon fight...
[14:15:46] [Server thread/INFO]: Found that the dragon has been killed in this world already.
[14:16:23] [Server thread/WARN]: nm694752 moved too quickly! -17.062080588629968,-4.341418866594893,0.01741458601404844
[14:18:07] [Server thread/INFO]: Heroebrien lost connection: Timed out
[14:18:07] [Server thread/INFO]: Heroebrien left the game
[14:18:19] [Server thread/INFO]: Heroebrien[/26.68.130.165:61639] logged in with entity id 5880 at (-24.017472405244604, 65.0, 28.628237622672252)
[14:18:19] [Server thread/INFO]: Heroebrien joined the game
[14:21:14] [Server thread/INFO]: nm694752 was slain by Enderman
[14:22:30] [Server thread/WARN]: nm694752 moved too quickly! 1.9122949073737345,9.965201523954832,1.2889766629210726
[14:23:06] [Server thread/INFO]: <Heroebrien> i will get level 35 and rename my sword pp
[14:23:13] [Server thread/INFO]: <skandarajeev> this is how i made madhavs armor
[14:23:35] [Server thread/WARN]: nm694752 moved too quickly! -2.879826632820283,-9.623229159753834,-3.2657062152356957
[14:23:39] [Server thread/INFO]: nm694752 tried to swim in lava
[14:24:09] [Server thread/INFO]: nm694752 fell from a high place
[14:24:12] [Server thread/WARN]: nm694752 moved too quickly! 1.7025887683284964,10.073214309238793,1.2011367995031605
[14:24:19] [Server thread/INFO]: nm694752 fell from a high place
[14:25:16] [Server thread/INFO]: nm694752 tried to swim in lava
[14:25:27] [Server thread/INFO]: nm694752 fell from a high place
[14:25:29] [Server thread/FATAL]: Error executing task on Server
java.lang.NullPointerException: null
	at zy.b(SourceFile:202) ~[server.jar:?]
	at zs.a(SourceFile:939) ~[server.jar:?]
	at aae.a(SourceFile:467) ~[server.jar:?]
	at aay.a(SourceFile:931) ~[server.jar:?]
	at st.a(SourceFile:122) ~[server.jar:?]
	at st$a.a(SourceFile:56) ~[server.jar:?]
	at ol.a(SourceFile:21) ~[server.jar:?]
	at wb.run(SourceFile:18) ~[server.jar:?]
	at aob.c(SourceFile:144) ~[server.jar:?]
	at aof.c(SourceFile:23) ~[server.jar:?]
	at net.minecraft.server.MinecraftServer.b(SourceFile:761) ~[server.jar:?]
	at net.minecraft.server.MinecraftServer.c(SourceFile:155) ~[server.jar:?]
	at aob.y(SourceFile:118) ~[server.jar:?]
	at net.minecraft.server.MinecraftServer.bb(SourceFile:743) ~[server.jar:?]
	at net.minecraft.server.MinecraftServer.y(SourceFile:737) ~[server.jar:?]
	at aob.c(SourceFile:127) ~[server.jar:?]
	at net.minecraft.server.MinecraftServer.x(SourceFile:722) ~[server.jar:?]
	at net.minecraft.server.MinecraftServer.w(SourceFile:674) ~[server.jar:?]
	at net.minecraft.server.MinecraftServer.a(SourceFile:257) ~[server.jar:?]
	at java.lang.Thread.run(Unknown Source) [?:1.8.0_291]
[14:25:34] [Server thread/INFO]: nm694752 fell from a high place
[14:25:38] [Server thread/INFO]: nm694752 fell from a high place
[14:25:48] [Server thread/INFO]: nm694752 fell from a high place
[14:25:56] [Server thread/INFO]: nm694752 tried to swim in lava
[14:26:04] [Server thread/INFO]: nm694752 tried to swim in lava
[14:26:10] [Server thread/INFO]: Heroebrien lost connection: Timed out
[14:26:10] [Server thread/INFO]: Heroebrien left the game
[14:26:12] [Server thread/INFO]: nm694752 tried to swim in lava
[14:26:19] [Server thread/INFO]: Heroebrien[/26.68.130.165:61672] logged in with entity id 12726 at (-351.64571967207235, 70.0, 513.06181016405)
[14:26:19] [Server thread/INFO]: Heroebrien joined the game
[14:26:25] [Server thread/INFO]: nm694752 fell from a high place
[14:26:30] [Server thread/INFO]: nm694752 fell from a high place
[14:26:40] [Server thread/INFO]: nm694752 tried to swim in lava
[14:26:43] [Server thread/INFO]: Heroebrien lost connection: Timed out
[14:26:43] [Server thread/INFO]: Heroebrien left the game
[14:26:51] [Server thread/INFO]: Heroebrien[/26.68.130.165:61674] logged in with entity id 13605 at (-316.8202884259469, 71.00133597911214, 515.1041849281396)
[14:26:51] [Server thread/INFO]: Heroebrien joined the game
[14:26:52] [Server thread/INFO]: <nm694752> i am level 40 i am level 30 me i am gay
[14:26:56] [Server thread/INFO]: nm694752 fell from a high place
[14:27:01] [Server thread/INFO]: <skandarajeev> sod
[14:27:05] [Server thread/INFO]: nm694752 tried to swim in lava
[14:27:06] [Server thread/INFO]: Heroebrien lost connection: Disconnected
[14:27:06] [Server thread/INFO]: Heroebrien left the game
[14:27:07] [Server thread/INFO]: <skandarajeev> sleep or dc
[14:27:10] [Server thread/INFO]: nm694752 fell from a high place
[14:27:15] [Server thread/INFO]: <skandarajeev> sleep or dc
[14:27:57] [Server thread/WARN]: nm694752 moved too quickly! 0.17374652472176422,1.252203340253729,-10.237874300383737
[14:28:15] [Server thread/INFO]: nm694752 tried to swim in lava
[14:28:25] [Server thread/INFO]: nm694752 tried to swim in lava
[14:28:32] [Server thread/WARN]: nm694752 moved too quickly! -2.588274740963641,-10.218866806790118,-2.700792457259581
[14:28:35] [Server thread/INFO]: nm694752 tried to swim in lava
[14:28:39] [Server thread/INFO]: nm694752 fell from a high place
[14:28:44] [Server thread/INFO]: nm694752 fell from a high place
[14:28:51] [Server thread/INFO]: nm694752 tried to swim in lava
[14:29:01] [Server thread/INFO]: nm694752 fell from a high place
[14:29:06] [Server thread/WARN]: nm694752 moved too quickly! 0.2155982951567239,-9.10456724457589,-5.548312915912902
[14:29:11] [Server thread/INFO]: nm694752 was shot by skandarajeev using [BOW JOB]
[14:29:23] [Server thread/INFO]: nm694752 tried to swim in lava
[14:29:34] [Server thread/INFO]: nm694752 tried to swim in lava
[14:29:41] [Server thread/INFO]: nm694752 was shot by skandarajeev using [BOW JOB]
[14:29:58] [Server thread/INFO]: nm694752 lost connection: Disconnected
[14:29:58] [Server thread/INFO]: nm694752 left the game
[14:30:38] [Server thread/WARN]: Fetching packet for removed entity bcv['Air'/16606, l='ServerLevel[world]', x=-375.17, y=84.00, z=870.17]
[14:33:18] [Server thread/INFO]: skandarajeev lost connection: Disconnected
[14:33:18] [Server thread/INFO]: skandarajeev left the game
[14:33:39] [Server thread/INFO]: skandarajeev[/127.0.0.1:50205] logged in with entity id 17357 at (-372.69999998807907, 80.0, 882.7206390559265)
[14:33:39] [Server thread/INFO]: skandarajeev joined the game
[14:37:37] [Server thread/INFO]: skandarajeev lost connection: Disconnected
[14:37:37] [Server thread/INFO]: skandarajeev left the game
[14:39:48] [Server thread/INFO]: skandarajeev[/127.0.0.1:50286] logged in with entity id 20306 at (-477.5443081696896, 64.06557777178718, 1668.3049712423042)
[14:39:48] [Server thread/INFO]: skandarajeev joined the game
[14:41:38] [Server thread/INFO]: skandarajeev lost connection: Disconnected
[14:41:38] [Server thread/INFO]: skandarajeev left the game
[14:43:48] [Server thread/INFO]: PrathamPM[/26.240.55.73:65057] logged in with entity id 21044 at (-499.3117971862521, 63.0, 1681.0893548371762)
[14:43:48] [Server thread/INFO]: PrathamPM joined the game
[14:44:49] [Server thread/INFO]: PrathamPM lost connection: Disconnected
[14:44:49] [Server thread/INFO]: PrathamPM left the game
[14:47:38] [Server thread/INFO]: ServerLord lost connection: Disconnected
[14:47:38] [Server thread/INFO]: ServerLord left the game
[14:47:48] [Server thread/INFO]: Stopping the server
[14:47:48] [Server thread/INFO]: Stopping server
[14:47:48] [Server thread/INFO]: Saving players
[14:47:48] [Server thread/INFO]: Saving worlds
[14:47:48] [Server thread/INFO]: Saving chunks for level 'ServerLevel[world]'/minecraft:overworld
[14:47:48] [Server thread/INFO]: ThreadedAnvilChunkStorage (world): All chunks are saved
[14:47:48] [Server thread/INFO]: Saving chunks for level 'ServerLevel[world]'/minecraft:the_nether
[14:47:48] [Server thread/INFO]: ThreadedAnvilChunkStorage (DIM-1): All chunks are saved
[14:47:48] [Server thread/INFO]: Saving chunks for level 'ServerLevel[world]'/minecraft:the_end
[14:47:48] [Server thread/INFO]: ThreadedAnvilChunkStorage (DIM1): All chunks are saved
[14:47:48] [Server thread/INFO]: ThreadedAnvilChunkStorage (world): All chunks are saved
[14:47:48] [Server thread/INFO]: ThreadedAnvilChunkStorage (DIM-1): All chunks are saved
[14:47:48] [Server thread/INFO]: ThreadedAnvilChunkStorage (DIM1): All chunks are saved
